# This file can be used with the --list option of the model downloader.
# For --architecture_type=ssd
face-detection-0200
face-detection-0202
face-detection-0204
face-detection-0205
face-detection-0206
face-detection-adas-0001
face-detection-retail-0004
face-detection-retail-0005
faster-rcnn-resnet101-coco-sparse-60-0001
pedestrian-and-vehicle-detector-adas-0001
pedestrian-detection-adas-0002
person-detection-0106
person-detection-0200
person-detection-0201
person-detection-0202
person-detection-0203
person-detection-retail-0013
person-vehicle-bike-detection-2000
person-vehicle-bike-detection-2001
person-vehicle-bike-detection-2002
person-vehicle-bike-detection-2003
person-vehicle-bike-detection-2004
product-detection-0001
vehicle-detection-0200
vehicle-detection-0201
vehicle-detection-0202
vehicle-detection-adas-0002
vehicle-license-plate-detection-barrier-0106
# For --architecture_type=yolo
person-vehicle-bike-detection-crossroad-yolov3-1020
yolo-v2-ava-0001
yolo-v2-ava-sparse-35-0001
yolo-v2-ava-sparse-70-0001
yolo-v2-tiny-ava-0001
yolo-v2-tiny-ava-sparse-30-0001
yolo-v2-tiny-ava-sparse-60-0001
yolo-v2-tiny-vehicle-detection-0001
